2018-08-07 01:08:167 INFO  LoggerHelper:24 - logger is configured
2018-08-07 01:08:169 INFO  LoggerHelper:25 - logger is configured
2018-08-07 01:08:169 INFO  LoggerHelper:26 - logger is configured
2018-08-08 00:08:946 INFO  LoggerHelper:24 - logger is configured
2018-08-08 00:08:948 INFO  LoggerHelper:25 - logger is configured
2018-08-08 00:08:948 INFO  LoggerHelper:26 - logger is configured
2018-08-08 00:08:346 INFO  LoggerHelper:24 - logger is configured
2018-08-08 00:08:349 INFO  LoggerHelper:25 - logger is configured
2018-08-08 00:08:349 INFO  LoggerHelper:26 - logger is configured
2018-08-08 00:08:966 INFO  LoggerHelper:24 - logger is configured
2018-08-08 00:08:968 INFO  LoggerHelper:25 - logger is configured
2018-08-08 00:08:975 INFO  LoggerHelper:26 - logger is configured
2018-08-08 01:08:496 INFO  LoggerHelper:24 - logger is configured
2018-08-08 01:08:498 INFO  LoggerHelper:25 - logger is configured
2018-08-08 01:08:499 INFO  LoggerHelper:26 - logger is configured
2018-08-08 01:08:112 INFO  FrameHelper:35 - haha
2018-08-08 01:08:290 INFO  JavaScriptHelper:86 - sasas
2018-08-08 01:08:988 INFO  Retry:11 - sasa
2018-08-08 01:08:993 INFO  Retry:13 - sasa
2018-08-08 01:08:78 INFO  Retry:17 - Retrying test testLogin with status FAILURE for the 1 times.
2018-08-08 01:08:85 INFO  Retry:17 - Retrying test testLogin with status FAILURE for the 2 times.
2018-08-08 01:08:91 INFO  Retry:17 - Retrying test testLogin with status FAILURE for the 3 times.
2018-08-08 01:08:117 INFO  Retry:17 - Retrying test testLogin with status FAILURE for the 1 times.
2018-08-08 01:08:121 INFO  Retry:17 - Retrying test testLogin with status FAILURE for the 2 times.
2018-08-08 01:08:127 INFO  Retry:17 - Retrying test testLogin with status FAILURE for the 3 times.
2018-08-08 01:08:251 INFO  Retry:17 - Retrying test testLogin with status FAILURE for the 1 times.
2018-08-08 01:08:261 INFO  Retry:17 - Retrying test testLogin with status FAILURE for the 2 times.
2018-08-08 01:08:271 INFO  Retry:17 - Retrying test testLogin with status FAILURE for the 3 times.
2018-08-08 01:08:308 INFO  Retry:17 - Retrying test testLogin with status FAILURE for the 1 times.
2018-08-08 01:08:312 INFO  Retry:17 - Retrying test testLogin with status FAILURE for the 2 times.
2018-08-08 01:08:316 INFO  Retry:17 - Retrying test testLogin with status FAILURE for the 3 times.
2018-08-08 01:08:132 INFO  Retry:17 - Retrying test testLogin with status FAILURE for the 1 times.
2018-08-08 01:08:141 INFO  Retry:17 - Retrying test testLogin with status FAILURE for the 2 times.
2018-08-08 01:08:146 INFO  Retry:17 - Retrying test testLogin with status FAILURE for the 3 times.
2018-08-08 01:08:173 INFO  Retry:17 - Retrying test testLogin with status FAILURE for the 1 times.
2018-08-08 01:08:182 INFO  Retry:17 - Retrying test testLogin with status FAILURE for the 2 times.
2018-08-08 01:08:187 INFO  Retry:17 - Retrying test testLogin with status FAILURE for the 3 times.
2018-08-08 01:08:355 INFO  Retry:17 - Retrying test testLogin with status FAILURE for the 1 times.
2018-08-08 01:08:361 INFO  Retry:17 - Retrying test testLogin with status FAILURE for the 2 times.
2018-08-08 01:08:390 INFO  Retry:17 - Retrying test testLogin with status FAILURE for the 1 times.
2018-08-08 01:08:395 INFO  Retry:17 - Retrying test testLogin with status FAILURE for the 2 times.
2018-08-08 01:08:408 INFO  Retry:17 - Retrying test testLogin with status FAILURE for the 1 times.
2018-08-08 01:08:416 INFO  Retry:17 - Retrying test testLogin with status FAILURE for the 2 times.
2018-08-08 01:08:440 INFO  Retry:17 - Retrying test testLogin with status FAILURE for the 1 times.
2018-08-08 01:08:444 INFO  Retry:17 - Retrying test testLogin with status FAILURE for the 2 times.
2018-08-08 01:08:774 INFO  Retry:17 - Retrying test testLogin with status FAILURE for the 1 times.
2018-08-08 01:08:780 INFO  Retry:17 - Retrying test testLogin with status FAILURE for the 2 times.
2018-08-08 01:08:804 INFO  Retry:17 - Retrying test testLogin with status FAILURE for the 1 times.
2018-08-08 01:08:811 INFO  Retry:17 - Retrying test testLogin with status FAILURE for the 2 times.
2018-08-08 01:08:886 INFO  Retry:17 - Retrying test testLogin with status FAILURE for the 1 times.
2018-08-08 01:08:899 INFO  Retry:17 - Retrying test testLogin with status FAILURE for the 2 times.
2018-08-08 01:08:923 INFO  Retry:17 - Retrying test testLogin with status FAILURE for the 1 times.
2018-08-08 01:08:928 INFO  Retry:17 - Retrying test testLogin with status FAILURE for the 2 times.
2018-08-08 01:08:934 INFO  Retry:17 - Retrying test testLogin with status FAILURE for the 3 times.
2018-08-08 01:08:939 INFO  Retry:17 - Retrying test testLogin with status FAILURE for the 4 times.
2018-08-08 01:08:200 INFO  Retry:17 - Retrying test testLoginB with status FAILURE for the 1 times.
2018-08-08 01:08:210 INFO  Retry:17 - Retrying test testLoginB with status FAILURE for the 2 times.
2018-08-08 01:08:231 INFO  Retry:17 - Retrying test testLoginC with status FAILURE for the 1 times.
2018-08-08 01:08:235 INFO  Retry:17 - Retrying test testLoginC with status FAILURE for the 2 times.
2018-08-08 01:08:240 INFO  Retry:17 - Retrying test testLoginC with status FAILURE for the 3 times.
2018-08-08 01:08:245 INFO  Retry:17 - Retrying test testLoginC with status FAILURE for the 4 times.
2018-08-08 18:08:633 INFO  LoggerHelper:24 - logger is configured
2018-08-08 18:08:645 INFO  LoggerHelper:25 - logger is configured
2018-08-08 18:08:645 INFO  LoggerHelper:26 - logger is configured
2018-08-08 18:08:553 INFO  ExcelHelper:85 - Result Updated
2018-08-08 18:08:754 INFO  ExcelHelper:85 - Result Updated
2018-08-08 18:08:684 INFO  ExcelHelper:85 - Result Updated
2018-08-08 18:08:824 INFO  ExcelHelper:85 - Result Updated
2018-08-08 18:08:262 INFO  ExcelHelper:85 - Result Updated
2018-08-08 18:08:390 INFO  ExcelHelper:85 - Result Updated
2018-08-08 18:08:855 INFO  ExcelHelper:85 - Result Updated
2018-08-08 18:08:988 INFO  ExcelHelper:85 - Result Updated
2018-08-08 18:08:40 INFO  ExcelHelper:85 - Result Updated
2018-08-09 01:08:416 INFO  LoggerHelper:24 - logger is configured
2018-08-09 01:08:417 INFO  LoggerHelper:25 - logger is configured
2018-08-09 01:08:417 INFO  LoggerHelper:26 - logger is configured
2018-08-09 01:08:156 INFO  VerificationHelper:65 - Haha
2018-08-09 01:08:748 INFO  VerificationHelper:58 - haha
2018-08-09 01:08:488 INFO  AssertionHelper:58 - haha
2018-08-09 01:08:01 INFO  AssertionHelper:19 - making script Pass
2018-08-09 01:08:255 INFO  AssertionHelper:30 - making script Fail
2018-08-09 01:08:362 INFO  AssertionHelper:19 - making script Pass
2018-08-09 01:08:419 INFO  AssertionHelper:30 - making script Fail
2018-08-09 15:08:475 INFO  AssertionHelper:19 - making script Pass
2018-08-09 15:08:764 INFO  AssertionHelper:30 - making script Fail
2018-08-09 15:08:857 INFO  AssertionHelper:19 - making script Pass
2018-08-09 15:08:920 INFO  AssertionHelper:30 - making script Fail
2018-08-09 15:08:971 INFO  AssertionHelper:19 - making script Pass
2018-08-09 15:08:17 INFO  AssertionHelper:30 - making script Fail
2018-08-09 15:08:71 INFO  AssertionHelper:19 - making script Pass
2018-08-09 15:08:121 INFO  AssertionHelper:30 - making script Fail
2018-08-09 15:08:966 INFO  AssertionHelper:19 - making script Pass
2018-08-09 15:08:248 INFO  AssertionHelper:30 - making script Fail
2018-08-09 15:08:341 INFO  AssertionHelper:19 - making script Pass
2018-08-09 15:08:399 INFO  AssertionHelper:30 - making script Fail
2018-08-09 15:08:453 INFO  AssertionHelper:19 - making script Pass
2018-08-09 15:08:493 INFO  AssertionHelper:30 - making script Fail
2018-08-09 15:08:544 INFO  AssertionHelper:19 - making script Pass
2018-08-09 15:08:588 INFO  AssertionHelper:30 - making script Fail
2018-08-09 15:08:134 INFO  AssertionHelper:19 - making script Pass
2018-08-09 15:08:392 INFO  AssertionHelper:29 - making script Fail
2018-08-09 15:08:526 INFO  AssertionHelper:19 - making script Pass
2018-08-09 15:08:572 INFO  AssertionHelper:29 - making script Fail
2018-08-09 15:08:620 INFO  AssertionHelper:19 - making script Pass
2018-08-09 15:08:656 INFO  AssertionHelper:29 - making script Fail
2018-08-09 15:08:721 INFO  AssertionHelper:19 - making script Pass
2018-08-09 15:08:766 INFO  AssertionHelper:29 - making script Fail
2018-08-09 17:08:358 INFO  TestBase:117 - Initialized WebDriver 333392524
2018-08-09 17:08:321 INFO  TestBase:117 - Initialized WebDriver 333392524
2018-08-09 17:08:325 INFO  WaitHelper:32 - Implicit Wait is set to: 120
2018-08-09 17:08:339 INFO  WaitHelper:94 - Waiting for Page to load for: SECONDS
2018-08-09 17:08:343 INFO  WaitHelper:96 - Page is loaded
2018-08-10 16:08:896 INFO  TestBase:122 - Initialized WebDriver 2043106095
2018-08-10 16:08:904 INFO  WaitHelper:32 - Implicit Wait is set to: 120
2018-08-10 16:08:918 INFO  WaitHelper:94 - Waiting for Page to load for: SECONDS
2018-08-10 16:08:923 INFO  WaitHelper:96 - Page is loaded
2018-08-10 16:08:162 INFO  ExtentListener:59 - A test started..
2018-08-10 16:08:178 INFO  ExtentListener:24 - testLoginA test Started..
2018-08-10 16:08:181 INFO  ExtentListener:31 - testLoginA test Passed..
2018-08-10 16:08:193 INFO  ExtentListener:64 - A test finished..
2018-08-10 16:08:195 INFO  ExtentListener:59 - B test started..
2018-08-10 16:08:197 INFO  ExtentListener:24 - testLoginB test Started..
2018-08-10 16:08:201 ERROR ExtentListener:38 - testLoginB test Failed..java.lang.AssertionError: expected [true] but found [false]
2018-08-10 16:08:213 INFO  ExtentListener:64 - B test finished..
2018-08-10 16:08:217 INFO  ExtentListener:59 - C test started..
2018-08-10 16:08:220 INFO  ExtentListener:24 - testLoginC test Started..
2018-08-10 16:08:228 ERROR ExtentListener:38 - testLoginC test Failed..java.lang.AssertionError: expected [true] but found [false]
2018-08-10 16:08:239 INFO  ExtentListener:64 - C test finished..
2018-08-10 16:08:242 INFO  ExtentListener:59 - TestScreenShot test started..
2018-08-10 16:08:230 INFO  TestBase:122 - Initialized WebDriver 483797427
2018-08-10 16:08:233 INFO  WaitHelper:32 - Implicit Wait is set to: 120
2018-08-10 16:08:239 INFO  WaitHelper:94 - Waiting for Page to load for: SECONDS
2018-08-10 16:08:243 INFO  WaitHelper:96 - Page is loaded
2018-08-10 16:08:408 INFO  ExtentListener:24 - testScreen test Started..
2018-08-10 16:08:321 INFO  ExtentListener:31 - testScreen test Passed..
2018-08-10 16:08:927 INFO  ExtentListener:64 - TestScreenShot test finished..
2018-08-10 16:08:121 INFO  ExtentListener:59 - A test started..
2018-08-10 16:08:138 INFO  ExtentListener:24 - testLoginA test Started..
2018-08-10 16:08:143 INFO  ExtentListener:31 - testLoginA test Passed..
2018-08-10 16:08:157 INFO  ExtentListener:64 - A test finished..
2018-08-10 16:08:161 INFO  ExtentListener:59 - B test started..
2018-08-10 16:08:165 INFO  ExtentListener:24 - testLoginB test Started..
2018-08-10 16:08:169 ERROR ExtentListener:38 - testLoginB test Failed..java.lang.AssertionError: expected [true] but found [false]
2018-08-10 16:08:179 INFO  ExtentListener:64 - B test finished..
2018-08-10 16:08:180 INFO  ExtentListener:59 - C test started..
2018-08-10 16:08:182 INFO  ExtentListener:24 - testLoginC test Started..
2018-08-10 16:08:184 ERROR ExtentListener:38 - testLoginC test Failed..java.lang.AssertionError: expected [true] but found [false]
2018-08-10 16:08:197 INFO  ExtentListener:64 - C test finished..
2018-08-10 16:08:198 INFO  ExtentListener:59 - TestScreenShot test started..
2018-08-10 16:08:386 INFO  TestBase:122 - Initialized WebDriver 483797427
2018-08-10 16:08:389 INFO  WaitHelper:32 - Implicit Wait is set to: 120
2018-08-10 16:08:398 INFO  WaitHelper:94 - Waiting for Page to load for: SECONDS
2018-08-10 16:08:403 INFO  WaitHelper:96 - Page is loaded
2018-08-10 16:08:557 INFO  ExtentListener:24 - testScreen test Started..
2018-08-10 16:08:504 INFO  ExtentListener:31 - testScreen test Passed..
2018-08-10 16:08:599 INFO  ExtentListener:64 - TestScreenShot test finished..
2018-08-10 16:08:643 INFO  ExtentListener:59 - A test started..
2018-08-10 16:08:661 INFO  ExtentListener:24 - testLoginA test Started..
2018-08-10 16:08:664 INFO  ExtentListener:31 - testLoginA test Passed..
2018-08-10 16:08:684 INFO  ExtentListener:65 - A test finished..
2018-08-10 16:08:686 INFO  ExtentListener:59 - B test started..
2018-08-10 16:08:688 INFO  ExtentListener:24 - testLoginB test Started..
2018-08-10 16:08:692 ERROR ExtentListener:38 - testLoginB test Failed..java.lang.AssertionError: expected [true] but found [false]
2018-08-10 16:08:700 INFO  ExtentListener:65 - B test finished..
2018-08-10 16:08:701 INFO  ExtentListener:59 - C test started..
2018-08-10 16:08:704 INFO  ExtentListener:24 - testLoginC test Started..
2018-08-10 16:08:706 ERROR ExtentListener:38 - testLoginC test Failed..java.lang.AssertionError: expected [true] but found [false]
2018-08-10 16:08:715 INFO  ExtentListener:65 - C test finished..
2018-08-10 16:08:716 INFO  ExtentListener:59 - TestScreenShot test started..
2018-08-10 16:08:670 INFO  TestBase:122 - Initialized WebDriver 483797427
2018-08-10 16:08:673 INFO  WaitHelper:32 - Implicit Wait is set to: 120
2018-08-10 16:08:681 INFO  WaitHelper:94 - Waiting for Page to load for: SECONDS
2018-08-10 16:08:687 INFO  WaitHelper:96 - Page is loaded
2018-08-10 16:08:842 INFO  ExtentListener:24 - testScreen test Started..
2018-08-10 16:08:799 INFO  ExtentListener:31 - testScreen test Passed..
2018-08-10 16:08:896 INFO  ExtentListener:65 - TestScreenShot test finished..
2018-08-10 16:08:166 INFO  ExtentListener:59 - A test started..
2018-08-10 16:08:182 INFO  ExtentListener:24 - testLoginA test Started..
2018-08-10 16:08:186 INFO  ExtentListener:31 - testLoginA test Passed..
2018-08-10 16:08:199 INFO  ExtentListener:65 - A test finished..
2018-08-10 16:08:200 INFO  ExtentListener:59 - B test started..
2018-08-10 16:08:203 INFO  ExtentListener:24 - testLoginB test Started..
2018-08-10 16:08:207 ERROR ExtentListener:38 - testLoginB test Failed..java.lang.AssertionError: expected [true] but found [false]
2018-08-10 16:08:215 INFO  ExtentListener:65 - B test finished..
2018-08-10 16:08:216 INFO  ExtentListener:59 - C test started..
2018-08-10 16:08:218 INFO  ExtentListener:24 - testLoginC test Started..
2018-08-10 16:08:220 ERROR ExtentListener:38 - testLoginC test Failed..java.lang.AssertionError: expected [true] but found [false]
2018-08-10 16:08:226 INFO  ExtentListener:65 - C test finished..
2018-08-10 16:08:227 INFO  ExtentListener:59 - TestScreenShot test started..
2018-08-10 16:08:214 INFO  TestBase:122 - Initialized WebDriver 483797427
2018-08-10 16:08:217 INFO  WaitHelper:32 - Implicit Wait is set to: 120
2018-08-10 16:08:225 INFO  WaitHelper:94 - Waiting for Page to load for: SECONDS
2018-08-10 16:08:230 INFO  WaitHelper:96 - Page is loaded
2018-08-10 16:08:381 INFO  ExtentListener:24 - testScreen test Started..
2018-08-10 16:08:397 INFO  ExtentListener:31 - testScreen test Passed..
2018-08-10 16:08:497 INFO  ExtentListener:65 - TestScreenShot test finished..
2018-08-10 16:08:314 INFO  ExtentListener:59 - A test started..
2018-08-10 16:08:331 INFO  ExtentListener:24 - testLoginA test Started..
2018-08-10 16:08:336 INFO  ExtentListener:31 - testLoginA test Passed..
2018-08-10 16:08:353 INFO  ExtentListener:65 - A test finished..
2018-08-10 16:08:355 INFO  ExtentListener:59 - B test started..
2018-08-10 16:08:357 INFO  ExtentListener:24 - testLoginB test Started..
2018-08-10 16:08:361 ERROR ExtentListener:38 - testLoginB test Failed..java.lang.AssertionError: expected [true] but found [false]
2018-08-10 16:08:371 INFO  ExtentListener:65 - B test finished..
2018-08-10 16:08:373 INFO  ExtentListener:59 - C test started..
2018-08-10 16:08:375 INFO  ExtentListener:24 - testLoginC test Started..
2018-08-10 16:08:377 ERROR ExtentListener:38 - testLoginC test Failed..java.lang.AssertionError: expected [true] but found [false]
2018-08-10 16:08:390 INFO  ExtentListener:65 - C test finished..
2018-08-10 16:08:392 INFO  ExtentListener:59 - TestScreenShot test started..
2018-08-10 16:08:514 INFO  TestBase:119 - Initialized WebDriver 483797427
2018-08-10 16:08:520 INFO  WaitHelper:32 - Implicit Wait is set to: 120
2018-08-10 16:08:527 INFO  WaitHelper:94 - Waiting for Page to load for: SECONDS
2018-08-10 16:08:534 INFO  WaitHelper:96 - Page is loaded
2018-08-10 16:08:735 INFO  ExtentListener:24 - testScreen test Started..
2018-08-10 16:08:904 INFO  ExtentListener:31 - testScreen test Passed..
2018-08-10 16:08:385 INFO  ExtentListener:65 - TestScreenShot test finished..
2018-08-10 16:08:568 INFO  ExtentListener:59 - A test started..
2018-08-10 16:08:589 INFO  ExtentListener:24 - testLoginA test Started..
2018-08-10 16:08:594 INFO  ExtentListener:31 - testLoginA test Passed..
2018-08-10 16:08:616 INFO  ExtentListener:65 - A test finished..
2018-08-10 16:08:619 INFO  ExtentListener:59 - B test started..
2018-08-10 16:08:622 INFO  ExtentListener:24 - testLoginB test Started..
2018-08-10 16:08:633 ERROR ExtentListener:38 - testLoginB test Failed..java.lang.AssertionError: expected [true] but found [false]
2018-08-10 16:08:651 INFO  ExtentListener:65 - B test finished..
2018-08-10 16:08:652 INFO  ExtentListener:59 - C test started..
2018-08-10 16:08:654 INFO  ExtentListener:24 - testLoginC test Started..
2018-08-10 16:08:658 ERROR ExtentListener:38 - testLoginC test Failed..java.lang.AssertionError: expected [true] but found [false]
2018-08-10 16:08:672 INFO  ExtentListener:65 - C test finished..
2018-08-10 16:08:679 INFO  ExtentListener:59 - TestScreenShot test started..
2018-08-10 16:08:89 INFO  TestBase:121 - Initialized WebDriver 483797427
2018-08-10 16:08:94 INFO  WaitHelper:32 - Implicit Wait is set to: 120
2018-08-10 16:08:103 INFO  WaitHelper:94 - Waiting for Page to load for: SECONDS
2018-08-10 16:08:109 INFO  WaitHelper:96 - Page is loaded
2018-08-10 16:08:268 INFO  ExtentListener:24 - testScreen test Started..
2018-08-10 16:08:924 INFO  ExtentListener:31 - testScreen test Passed..
2018-08-10 16:08:19 INFO  ExtentListener:65 - TestScreenShot test finished..
2018-08-10 17:08:797 INFO  ExtentListener:59 - A test started..
2018-08-10 17:08:813 INFO  ExtentListener:24 - testLoginA test Started..
2018-08-10 17:08:815 INFO  ExtentListener:31 - testLoginA test Passed..
2018-08-10 17:08:829 INFO  ExtentListener:65 - A test finished..
2018-08-10 17:08:831 INFO  ExtentListener:59 - B test started..
2018-08-10 17:08:833 INFO  ExtentListener:24 - testLoginB test Started..
2018-08-10 17:08:836 ERROR ExtentListener:38 - testLoginB test Failed..java.lang.AssertionError: expected [true] but found [false]
2018-08-10 17:08:847 INFO  ExtentListener:65 - B test finished..
2018-08-10 17:08:850 INFO  ExtentListener:59 - C test started..
2018-08-10 17:08:852 INFO  ExtentListener:24 - testLoginC test Started..
2018-08-10 17:08:855 ERROR ExtentListener:38 - testLoginC test Failed..java.lang.AssertionError: expected [true] but found [false]
2018-08-10 17:08:863 INFO  ExtentListener:65 - C test finished..
2018-08-10 17:08:864 INFO  ExtentListener:59 - TestScreenShot test started..
2018-08-10 17:08:917 INFO  TestBase:121 - Initialized WebDriver 483797427
2018-08-10 17:08:920 INFO  WaitHelper:32 - Implicit Wait is set to: 120
2018-08-10 17:08:927 INFO  WaitHelper:94 - Waiting for Page to load for: SECONDS
2018-08-10 17:08:931 INFO  WaitHelper:96 - Page is loaded
2018-08-10 17:08:90 INFO  ExtentListener:24 - testScreen test Started..
2018-08-10 17:08:946 INFO  ExtentListener:31 - testScreen test Passed..
2018-08-10 17:08:45 INFO  ExtentListener:65 - TestScreenShot test finished..
2018-08-10 17:08:325 INFO  ExtentListener:59 - A test started..
2018-08-10 17:08:454 INFO  ExtentListener:24 - testLoginA test Started..
2018-08-10 17:08:477 INFO  ExtentListener:31 - testLoginA test Passed..
2018-08-10 17:08:572 INFO  ExtentListener:65 - A test finished..
2018-08-10 17:08:582 INFO  ExtentListener:59 - B test started..
2018-08-10 17:08:595 INFO  ExtentListener:24 - testLoginB test Started..
2018-08-10 17:08:616 ERROR ExtentListener:38 - testLoginB test Failed..java.lang.AssertionError: expected [true] but found [false]
2018-08-10 17:08:656 INFO  ExtentListener:65 - B test finished..
2018-08-10 17:08:661 INFO  ExtentListener:59 - C test started..
2018-08-10 17:08:672 INFO  ExtentListener:24 - testLoginC test Started..
2018-08-10 17:08:689 ERROR ExtentListener:38 - testLoginC test Failed..java.lang.AssertionError: expected [true] but found [false]
2018-08-10 17:08:732 INFO  ExtentListener:65 - C test finished..
2018-08-10 17:08:735 INFO  ExtentListener:59 - TestScreenShot test started..
2018-08-10 17:08:322 INFO  TestBase:121 - Initialized WebDriver 1563634025
2018-08-10 17:08:00 INFO  WaitHelper:32 - Implicit Wait is set to: 120
2018-08-10 17:08:301 INFO  WaitHelper:94 - Waiting for Page to load for: SECONDS
2018-08-10 17:08:14 INFO  WaitHelper:96 - Page is loaded
2018-08-10 17:08:391 INFO  ExtentListener:24 - testScreen test Started..
2018-08-10 17:08:833 INFO  ExtentListener:31 - testScreen test Passed..
2018-08-10 17:08:943 INFO  ExtentListener:65 - TestScreenShot test finished..
2018-08-10 17:08:598 INFO  ExtentListener:59 - A test started..
2018-08-10 17:08:612 INFO  ExtentListener:24 - testLoginA test Started..
2018-08-10 17:08:614 INFO  ExtentListener:31 - testLoginA test Passed..
2018-08-10 17:08:629 INFO  ExtentListener:65 - A test finished..
2018-08-10 17:08:631 INFO  ExtentListener:59 - B test started..
2018-08-10 17:08:633 INFO  ExtentListener:24 - testLoginB test Started..
2018-08-10 17:08:637 ERROR ExtentListener:38 - testLoginB test Failed..java.lang.AssertionError: expected [true] but found [false]
2018-08-10 17:08:645 INFO  ExtentListener:65 - B test finished..
2018-08-10 17:08:647 INFO  ExtentListener:59 - C test started..
2018-08-10 17:08:649 INFO  ExtentListener:24 - testLoginC test Started..
2018-08-10 17:08:651 ERROR ExtentListener:38 - testLoginC test Failed..java.lang.AssertionError: expected [true] but found [false]
2018-08-10 17:08:659 INFO  ExtentListener:65 - C test finished..
2018-08-10 17:08:660 INFO  ExtentListener:59 - TestScreenShot test started..
2018-08-10 17:08:595 INFO  TestBase:121 - Initialized WebDriver 483797427
2018-08-10 17:08:598 INFO  WaitHelper:32 - Implicit Wait is set to: 120
2018-08-10 17:08:604 INFO  WaitHelper:94 - Waiting for Page to load for: SECONDS
2018-08-10 17:08:608 INFO  WaitHelper:96 - Page is loaded
2018-08-10 17:08:770 INFO  ExtentListener:24 - testScreen test Started..
2018-08-10 17:08:687 INFO  ExtentListener:31 - testScreen test Passed..
2018-08-10 17:08:792 INFO  ExtentListener:65 - TestScreenShot test finished..
2018-08-10 17:08:625 INFO  ExtentListener:59 - A test started..
2018-08-10 17:08:698 INFO  ExtentListener:24 - testLoginA test Started..
2018-08-10 17:08:708 INFO  ExtentListener:31 - testLoginA test Passed..
2018-08-10 17:08:746 INFO  ExtentListener:65 - A test finished..
2018-08-10 17:08:753 INFO  ExtentListener:59 - B test started..
2018-08-10 17:08:760 INFO  ExtentListener:24 - testLoginB test Started..
2018-08-10 17:08:782 ERROR ExtentListener:38 - testLoginB test Failed..java.lang.AssertionError: expected [true] but found [false]
2018-08-10 17:08:816 INFO  ExtentListener:65 - B test finished..
2018-08-10 17:08:819 INFO  ExtentListener:59 - C test started..
2018-08-10 17:08:825 INFO  ExtentListener:24 - testLoginC test Started..
2018-08-10 17:08:837 ERROR ExtentListener:38 - testLoginC test Failed..java.lang.AssertionError: expected [true] but found [false]
2018-08-10 17:08:862 INFO  ExtentListener:65 - C test finished..
2018-08-10 17:08:865 INFO  ExtentListener:59 - TestScreenShot test started..
2018-08-10 17:08:451 INFO  TestBase:121 - Initialized WebDriver 1563634025
2018-08-10 17:08:868 INFO  WaitHelper:32 - Implicit Wait is set to: 120
2018-08-10 17:08:283 INFO  WaitHelper:94 - Waiting for Page to load for: SECONDS
2018-08-10 17:08:179 INFO  WaitHelper:96 - Page is loaded
2018-08-10 17:08:91 INFO  ExtentListener:24 - testScreen test Started..
2018-08-10 17:08:253 INFO  ExtentListener:31 - testScreen test Passed..
2018-08-10 17:08:246 INFO  ExtentListener:59 - A test started..
2018-08-10 17:08:262 INFO  ExtentListener:24 - testLoginA test Started..
2018-08-10 17:08:265 INFO  ExtentListener:31 - testLoginA test Passed..
2018-08-10 17:08:279 INFO  ExtentListener:65 - A test finished..
2018-08-10 17:08:282 INFO  ExtentListener:59 - B test started..
2018-08-10 17:08:286 INFO  ExtentListener:24 - testLoginB test Started..
2018-08-10 17:08:292 ERROR ExtentListener:38 - testLoginB test Failed..java.lang.AssertionError: expected [true] but found [false]
2018-08-10 17:08:302 INFO  ExtentListener:65 - B test finished..
2018-08-10 17:08:303 INFO  ExtentListener:59 - C test started..
2018-08-10 17:08:305 INFO  ExtentListener:24 - testLoginC test Started..
2018-08-10 17:08:308 ERROR ExtentListener:38 - testLoginC test Failed..java.lang.AssertionError: expected [true] but found [false]
2018-08-10 17:08:316 INFO  ExtentListener:65 - C test finished..
2018-08-10 17:08:317 INFO  ExtentListener:59 - TestScreenShot test started..
2018-08-10 17:08:613 INFO  TestBase:120 - Initialized WebDriver 483797427
2018-08-10 17:08:616 INFO  WaitHelper:32 - Implicit Wait is set to: 120
2018-08-10 17:08:624 INFO  WaitHelper:94 - Waiting for Page to load for: SECONDS
2018-08-10 17:08:629 INFO  WaitHelper:96 - Page is loaded
2018-08-10 17:08:786 INFO  ExtentListener:24 - testScreen test Started..
2018-08-10 17:08:838 INFO  ExtentListener:31 - testScreen test Passed..
2018-08-10 17:08:296 INFO  ExtentListener:65 - TestScreenShot test finished..
2018-08-10 17:08:107 INFO  ExtentListener:59 - A test started..
2018-08-10 17:08:173 INFO  ExtentListener:24 - testLoginA test Started..
2018-08-10 17:08:181 INFO  ExtentListener:31 - testLoginA test Passed..
2018-08-10 17:08:214 INFO  ExtentListener:65 - A test finished..
2018-08-10 17:08:214 INFO  ExtentListener:59 - B test started..
2018-08-10 17:08:214 INFO  ExtentListener:24 - testLoginB test Started..
2018-08-10 17:08:245 ERROR ExtentListener:38 - testLoginB test Failed..java.lang.AssertionError: expected [true] but found [false]
2018-08-10 17:08:261 INFO  ExtentListener:65 - B test finished..
2018-08-10 17:08:279 INFO  ExtentListener:59 - C test started..
2018-08-10 17:08:283 INFO  ExtentListener:24 - testLoginC test Started..
2018-08-10 17:08:299 ERROR ExtentListener:38 - testLoginC test Failed..java.lang.AssertionError: expected [true] but found [false]
2018-08-10 17:08:314 INFO  ExtentListener:65 - C test finished..
2018-08-10 17:08:314 INFO  ExtentListener:59 - TestScreenShot test started..
2018-08-10 17:08:187 INFO  TestBase:122 - Initialized WebDriver 1563634025
2018-08-10 17:08:707 INFO  WaitHelper:32 - Implicit Wait is set to: 120
2018-08-10 17:08:891 INFO  WaitHelper:94 - Waiting for Page to load for: SECONDS
2018-08-10 17:08:794 INFO  WaitHelper:96 - Page is loaded
2018-08-10 17:08:595 INFO  ExtentListener:24 - testScreen test Started..
2018-08-10 17:08:993 INFO  ExtentListener:31 - testScreen test Passed..
2018-08-10 17:08:905 INFO  ExtentListener:65 - TestScreenShot test finished..
2018-08-10 17:08:955 INFO  ExtentListener:59 - A test started..
2018-08-10 17:08:963 INFO  ExtentListener:24 - testLoginA test Started..
2018-08-10 17:08:963 INFO  ExtentListener:31 - testLoginA test Passed..
2018-08-10 17:08:978 INFO  ExtentListener:65 - A test finished..
2018-08-10 17:08:978 INFO  ExtentListener:59 - B test started..
2018-08-10 17:08:994 INFO  ExtentListener:24 - testLoginB test Started..
2018-08-10 17:08:994 ERROR ExtentListener:38 - testLoginB test Failed..java.lang.AssertionError: expected [true] but found [false]
2018-08-10 17:08:10 INFO  ExtentListener:65 - B test finished..
2018-08-10 17:08:10 INFO  ExtentListener:59 - C test started..
2018-08-10 17:08:10 INFO  ExtentListener:24 - testLoginC test Started..
2018-08-10 17:08:10 ERROR ExtentListener:38 - testLoginC test Failed..java.lang.AssertionError: expected [true] but found [false]
2018-08-10 17:08:25 INFO  ExtentListener:65 - C test finished..
2018-08-10 17:08:25 INFO  ExtentListener:59 - TestScreenShot test started..
2018-08-10 17:08:34 INFO  TestBase:127 - Initialized WebDriver 1486726131
2018-08-10 17:08:43 INFO  WaitHelper:32 - Implicit Wait is set to: 120
2018-08-10 17:08:62 INFO  WaitHelper:94 - Waiting for Page to load for: SECONDS
2018-08-10 17:08:85 INFO  WaitHelper:96 - Page is loaded
2018-08-10 17:08:273 INFO  ExtentListener:24 - testScreen test Started..
2018-08-10 17:08:118 INFO  ExtentListener:31 - testScreen test Passed..
2018-08-10 17:08:827 INFO  ExtentListener:65 - TestScreenShot test finished..
2018-08-14 20:08:41 INFO  TestBase:127 - Initialized WebDriver 515809288
2018-08-14 20:08:46 INFO  WaitHelper:28 - WaitHelper Object created
2018-08-14 20:08:46 INFO  WaitHelper:33 - Implicit Wait is set to: 120
2018-08-14 20:08:68 INFO  WaitHelper:95 - Waiting for Page to load for: SECONDS
2018-08-14 20:08:74 INFO  WaitHelper:97 - Page is loaded
2018-08-14 20:08:329 INFO  WaitHelper:28 - WaitHelper Object created
2018-08-14 20:08:360 INFO  WaitHelper:101 - waiting for :[[ChromeDriver: chrome on XP (9d01785f9c77dbc8cb797a87b55df59e)] -> xpath: //a[@title='Log in to your customer account']] for :200 seconds
2018-08-14 20:08:405 INFO  WaitHelper:104 - element is visible now
2018-08-14 20:08:409 INFO  TestBase:163 - Capturing navigation Screen
2018-08-14 20:08:262 INFO  LoginPage:63 - clicked on sign in link...
2018-08-14 20:08:968 INFO  LoginPage:69 - entering email address....1529686406836@gmail.com
2018-08-14 20:08:192 INFO  LoginPage:75 - entering password....password
2018-08-14 20:08:298 INFO  LoginPage:81 - clicking on submit button...
2018-08-14 20:08:299 INFO  JavaScriptHelper:17 - JavaScriptHelper has been initialised
2018-08-14 20:08:300 INFO  JavaScriptHelper:55 - Scrolling Down Vertically
2018-08-14 20:08:95 INFO  WaitHelper:28 - WaitHelper Object created
2018-08-14 20:08:141 INFO  WaitHelper:101 - waiting for :[[ChromeDriver: chrome on XP (9d01785f9c77dbc8cb797a87b55df59e)] -> xpath: //*[@id='block_top_menu']/ul/li[1]/a] for :200 seconds
2018-08-14 20:08:173 INFO  WaitHelper:104 - element is visible now
2018-08-14 20:08:177 INFO  TestBase:163 - Capturing navigation Screen
2018-08-14 20:08:590 INFO  VerificationHelper:22 - element is Displayed..Welcome to your account. Here you can manage all of your personal information and orders.
2018-08-14 21:08:582 INFO  TestBase:127 - Initialized WebDriver 515809288
2018-08-14 21:08:588 INFO  WaitHelper:28 - WaitHelper Object created
2018-08-14 21:08:588 INFO  WaitHelper:33 - Implicit Wait is set to: 120
2018-08-14 21:08:611 INFO  WaitHelper:95 - Waiting for Page to load for: SECONDS
2018-08-14 21:08:618 INFO  WaitHelper:97 - Page is loaded
2018-08-14 21:08:586 INFO  TestBase:127 - Initialized WebDriver 515809288
2018-08-14 21:08:591 INFO  WaitHelper:28 - WaitHelper Object created
2018-08-14 21:08:591 INFO  WaitHelper:33 - Implicit Wait is set to: 120
2018-08-14 21:08:606 INFO  WaitHelper:95 - Waiting for Page to load for: SECONDS
2018-08-14 21:08:622 INFO  WaitHelper:97 - Page is loaded
2018-08-14 21:08:219 INFO  WaitHelper:28 - WaitHelper Object created
2018-08-14 21:08:245 INFO  WaitHelper:101 - waiting for :[[ChromeDriver: chrome on XP (4aa32204ef598a9338a73a047d6e70af)] -> xpath: //a[@title='Log in to your customer account']] for :200 seconds
2018-08-14 21:08:278 INFO  WaitHelper:104 - element is visible now
2018-08-14 21:08:278 INFO  TestBase:163 - Capturing navigation Screen
2018-08-14 21:08:156 INFO  LoginPage:63 - clicked on sign in link...
2018-08-14 21:08:120 INFO  LoginPage:96 - entering registration email..1534262310116@gmail.com
2018-08-14 21:08:584 INFO  WaitHelper:28 - WaitHelper Object created
2018-08-14 21:08:977 INFO  WaitHelper:101 - waiting for :[[ChromeDriver: chrome on XP (4aa32204ef598a9338a73a047d6e70af)] -> xpath: //*[@id='id_gender1']] for :200 seconds
2018-08-14 21:08:36 INFO  WaitHelper:104 - element is visible now
2018-08-14 21:08:36 INFO  TestBase:163 - Capturing navigation Screen
2018-08-14 21:08:444 INFO  RegistrationPage:101 - selecting mr checkbox..
2018-08-14 21:08:600 INFO  RegistrationPage:113 - entering firstName..firstName
2018-08-14 21:08:756 INFO  RegistrationPage:119 - entering lastname..lastname
2018-08-14 21:08:901 INFO  RegistrationPage:131 - entering password..password
2018-08-14 21:08:25 INFO  RegistrationPage:199 - entering address..address
2018-08-14 21:08:714 INFO  RegistrationPage:181 - entering yourAddressFirstName..yourAddressFirstName
2018-08-14 21:08:930 INFO  RegistrationPage:187 - entering yourAddressLastName..yourAddressLastName
2018-08-14 21:08:206 INFO  RegistrationPage:193 - entering yourAddressCompany..yourAddressCompany
2018-08-14 21:08:481 INFO  RegistrationPage:211 - entering yourAddressCity..yourAddressCity
2018-08-14 21:08:710 INFO  RegistrationPage:217 - entering yourAddressState..Alaska
2018-08-14 21:08:839 INFO  RegistrationPage:223 - entering yourAddressPostCode..99501
2018-08-14 21:08:955 INFO  RegistrationPage:241 - entering mobilePhone..9999999999
2018-08-14 21:08:114 INFO  RegistrationPage:247 - entering addressAlias..addressAlias
2018-08-14 21:08:303 INFO  RegistrationPage:253 - clicked on registration..[[ChromeDriver: chrome on XP (4aa32204ef598a9338a73a047d6e70af)] -> xpath: //*[@id='submitAccount']]
2018-08-14 21:08:122 INFO  WaitHelper:28 - WaitHelper Object created
2018-08-14 21:08:157 INFO  WaitHelper:101 - waiting for :[[ChromeDriver: chrome on XP (4aa32204ef598a9338a73a047d6e70af)] -> xpath: //*[contains(text(),'Order history and details')]] for :200 seconds
2018-08-14 21:08:193 INFO  WaitHelper:104 - element is visible now
2018-08-14 21:08:194 INFO  TestBase:163 - Capturing navigation Screen
2018-08-14 21:08:741 INFO  VerificationHelper:22 - element is Displayed..Welcome to your account. Here you can manage all of your personal information and orders.
2018-08-14 21:08:589 INFO  TestBase:127 - Initialized WebDriver 515809288
2018-08-14 21:08:603 INFO  WaitHelper:28 - WaitHelper Object created
2018-08-14 21:08:603 INFO  WaitHelper:33 - Implicit Wait is set to: 120
2018-08-14 21:08:619 INFO  WaitHelper:95 - Waiting for Page to load for: SECONDS
2018-08-14 21:08:635 INFO  WaitHelper:97 - Page is loaded
2018-08-14 21:08:459 INFO  WaitHelper:28 - WaitHelper Object created
2018-08-14 21:08:495 INFO  WaitHelper:101 - waiting for :[[ChromeDriver: chrome on XP (1ad97156b28aec7e5d5b9d82abcae24a)] -> xpath: //a[@title='Log in to your customer account']] for :200 seconds
2018-08-14 21:08:532 INFO  WaitHelper:104 - element is visible now
2018-08-14 21:08:532 INFO  TestBase:163 - Capturing navigation Screen
2018-08-14 21:08:375 INFO  LoginPage:63 - clicked on sign in link...
2018-08-14 21:08:705 INFO  LoginPage:96 - entering registration email..1534262355705@gmail.com
2018-08-14 21:08:33 INFO  WaitHelper:28 - WaitHelper Object created
2018-08-14 21:08:559 INFO  WaitHelper:101 - waiting for :[[ChromeDriver: chrome on XP (1ad97156b28aec7e5d5b9d82abcae24a)] -> xpath: //*[@id='id_gender1']] for :200 seconds
2018-08-14 21:08:610 INFO  WaitHelper:104 - element is visible now
2018-08-14 21:08:610 INFO  TestBase:163 - Capturing navigation Screen
2018-08-14 21:08:971 INFO  RegistrationPage:101 - selecting mr checkbox..
2018-08-14 21:08:76 INFO  RegistrationPage:113 - entering firstName..firstName
2018-08-14 21:08:276 INFO  RegistrationPage:119 - entering lastname..lastname
2018-08-14 21:08:411 INFO  RegistrationPage:131 - entering password..password
2018-08-14 21:08:540 INFO  RegistrationPage:199 - entering address..address
2018-08-14 21:08:202 INFO  RegistrationPage:181 - entering yourAddressFirstName..yourAddressFirstName
2018-08-14 21:08:428 INFO  RegistrationPage:187 - entering yourAddressLastName..yourAddressLastName
2018-08-14 21:08:637 INFO  RegistrationPage:193 - entering yourAddressCompany..yourAddressCompany
2018-08-14 21:08:849 INFO  RegistrationPage:211 - entering yourAddressCity..yourAddressCity
2018-08-14 21:08:37 INFO  RegistrationPage:217 - entering yourAddressState..Alaska
2018-08-14 21:08:189 INFO  RegistrationPage:223 - entering yourAddressPostCode..99501
2018-08-14 21:08:329 INFO  RegistrationPage:241 - entering mobilePhone..9999999999
2018-08-14 21:08:514 INFO  RegistrationPage:247 - entering addressAlias..addressAlias
2018-08-14 21:08:712 INFO  RegistrationPage:253 - clicked on registration..[[ChromeDriver: chrome on XP (1ad97156b28aec7e5d5b9d82abcae24a)] -> xpath: //*[@id='submitAccount']]
2018-08-14 21:08:490 INFO  WaitHelper:28 - WaitHelper Object created
2018-08-14 21:08:522 INFO  WaitHelper:101 - waiting for :[[ChromeDriver: chrome on XP (1ad97156b28aec7e5d5b9d82abcae24a)] -> xpath: //*[contains(text(),'Order history and details')]] for :200 seconds
2018-08-14 21:08:562 INFO  WaitHelper:104 - element is visible now
2018-08-14 21:08:562 INFO  TestBase:163 - Capturing navigation Screen
2018-08-14 21:08:146 INFO  VerificationHelper:22 - element is Displayed..Welcome to your account. Here you can manage all of your personal information and orders.
2018-08-14 21:08:191 INFO  TestBase:127 - Initialized WebDriver 515809288
2018-08-14 21:08:206 INFO  WaitHelper:28 - WaitHelper Object created
2018-08-14 21:08:206 INFO  WaitHelper:33 - Implicit Wait is set to: 120
2018-08-14 21:08:243 INFO  WaitHelper:95 - Waiting for Page to load for: SECONDS
2018-08-14 21:08:266 INFO  WaitHelper:97 - Page is loaded
2018-08-14 21:08:267 INFO  WaitHelper:28 - WaitHelper Object created
2018-08-14 21:08:302 INFO  WaitHelper:101 - waiting for :[[ChromeDriver: chrome on XP (d267c658304aff9c7862e3e0e6fe3e6e)] -> xpath: //*[@id='block_top_menu']/ul/li[1]/a] for :200 seconds
2018-08-14 21:08:341 INFO  WaitHelper:104 - element is visible now
2018-08-14 21:08:341 INFO  TestBase:163 - Capturing navigation Screen
2018-08-14 21:08:116 INFO  NavigationMenu:56 - clickin on : WOMEN
2018-08-14 21:08:212 INFO  WaitHelper:28 - WaitHelper Object created
2018-08-14 21:08:235 INFO  WaitHelper:101 - waiting for :[[ChromeDriver: chrome on XP (d267c658304aff9c7862e3e0e6fe3e6e)] -> xpath: //*[@id='layered_block_left']/p] for :200 seconds
2018-08-14 21:08:261 INFO  WaitHelper:104 - element is visible now
2018-08-14 21:08:261 INFO  TestBase:163 - Capturing navigation Screen
2018-08-14 21:08:762 INFO  FrameHelper:20 - DropDownHelper object is created!!
2018-08-14 21:08:825 INFO  FrameHelper:37 - Select using visible text: Price: Lowest first
2018-08-14 21:08:50 INFO  ProductCategoryPage:166 - 16.40
2018-08-14 21:08:84 INFO  ProductCategoryPage:166 - 16.51
2018-08-14 21:08:116 INFO  ProductCategoryPage:166 - 26.00
2018-08-14 21:08:131 INFO  ProductCategoryPage:166 - 27.00
2018-08-14 21:08:152 INFO  ProductCategoryPage:166 - 28.98
2018-08-14 21:08:184 INFO  ProductCategoryPage:166 - 30.50
2018-08-14 21:08:200 INFO  ProductCategoryPage:166 - 50.99
2018-08-14 21:08:200 INFO  ProductCategoryPage:150 - obj.get(i)..16
2018-08-14 21:08:200 INFO  ProductCategoryPage:151 - obj.get(i+1)..16
2018-08-14 21:08:200 INFO  ProductCategoryPage:150 - obj.get(i)..16
2018-08-14 21:08:200 INFO  ProductCategoryPage:151 - obj.get(i+1)..26
2018-08-14 21:08:200 INFO  ProductCategoryPage:150 - obj.get(i)..26
2018-08-14 21:08:200 INFO  ProductCategoryPage:151 - obj.get(i+1)..27
2018-08-14 21:08:200 INFO  ProductCategoryPage:150 - obj.get(i)..27
2018-08-14 21:08:200 INFO  ProductCategoryPage:151 - obj.get(i+1)..28
2018-08-14 21:08:200 INFO  ProductCategoryPage:150 - obj.get(i)..28
2018-08-14 21:08:200 INFO  ProductCategoryPage:151 - obj.get(i+1)..30
2018-08-14 21:08:200 INFO  ProductCategoryPage:150 - obj.get(i)..30
2018-08-14 21:08:200 INFO  ProductCategoryPage:151 - obj.get(i+1)..50
2018-08-14 22:08:961 INFO  TestBase:127 - Initialized WebDriver 515809288
2018-08-14 22:08:966 INFO  WaitHelper:28 - WaitHelper Object created
2018-08-14 22:08:966 INFO  WaitHelper:33 - Implicit Wait is set to: 120
2018-08-14 22:08:982 INFO  WaitHelper:95 - Waiting for Page to load for: SECONDS
2018-08-14 22:08:998 INFO  WaitHelper:97 - Page is loaded
2018-08-14 22:08:380 INFO  TestBase:127 - Initialized WebDriver 515809288
2018-08-14 22:08:398 INFO  WaitHelper:28 - WaitHelper Object created
2018-08-14 22:08:398 INFO  WaitHelper:33 - Implicit Wait is set to: 120
2018-08-14 22:08:442 INFO  WaitHelper:95 - Waiting for Page to load for: SECONDS
2018-08-14 22:08:451 INFO  WaitHelper:97 - Page is loaded
2018-08-14 22:08:18 INFO  WaitHelper:28 - WaitHelper Object created
2018-08-14 22:08:49 INFO  WaitHelper:101 - waiting for :[[ChromeDriver: chrome on XP (c31e82fc691af65af089dbef1bd2c623)] -> xpath: //*[@id='block_top_menu']/ul/li[1]/a] for :200 seconds
2018-08-14 22:08:78 INFO  WaitHelper:104 - element is visible now
2018-08-14 22:08:78 INFO  TestBase:163 - Capturing navigation Screen
2018-08-14 22:08:828 INFO  NavigationMenu:56 - clickin on : WOMEN
2018-08-14 22:08:364 INFO  WaitHelper:28 - WaitHelper Object created
2018-08-14 22:08:396 INFO  WaitHelper:101 - waiting for :[[ChromeDriver: chrome on XP (c31e82fc691af65af089dbef1bd2c623)] -> xpath: //*[@id='layered_block_left']/p] for :200 seconds
2018-08-14 22:08:424 INFO  WaitHelper:104 - element is visible now
2018-08-14 22:08:424 INFO  TestBase:163 - Capturing navigation Screen
2018-08-14 22:08:939 INFO  JavaScriptHelper:17 - JavaScriptHelper has been initialised
2018-08-14 22:08:138 INFO  AssertionHelper:19 - making script PASS..
2018-08-14 22:08:524 INFO  TestBase:127 - Initialized WebDriver 515809288
2018-08-14 22:08:538 INFO  WaitHelper:28 - WaitHelper Object created
2018-08-14 22:08:538 INFO  WaitHelper:33 - Implicit Wait is set to: 120
2018-08-14 22:08:554 INFO  WaitHelper:95 - Waiting for Page to load for: SECONDS
2018-08-14 22:08:572 INFO  WaitHelper:97 - Page is loaded
2018-08-14 22:08:156 INFO  WaitHelper:28 - WaitHelper Object created
2018-08-14 22:08:186 INFO  WaitHelper:101 - waiting for :[[ChromeDriver: chrome on XP (92ac8ff53bd2f13db4e83fd85968eaeb)] -> xpath: //*[@id='block_top_menu']/ul/li[1]/a] for :200 seconds
2018-08-14 22:08:220 INFO  WaitHelper:104 - element is visible now
2018-08-14 22:08:220 INFO  TestBase:163 - Capturing navigation Screen
2018-08-14 22:08:49 INFO  NavigationMenu:56 - clickin on : WOMEN
2018-08-14 22:08:596 INFO  WaitHelper:28 - WaitHelper Object created
2018-08-14 22:08:664 INFO  WaitHelper:101 - waiting for :[[ChromeDriver: chrome on XP (92ac8ff53bd2f13db4e83fd85968eaeb)] -> xpath: //*[@id='layered_block_left']/p] for :200 seconds
2018-08-14 22:08:771 INFO  WaitHelper:104 - element is visible now
2018-08-14 22:08:775 INFO  TestBase:163 - Capturing navigation Screen
2018-08-14 22:08:383 INFO  JavaScriptHelper:17 - JavaScriptHelper has been initialised
2018-08-14 22:08:573 INFO  AssertionHelper:19 - making script PASS..
2018-08-14 22:08:848 INFO  TestBase:127 - Initialized WebDriver 515809288
2018-08-14 22:08:861 INFO  WaitHelper:28 - WaitHelper Object created
2018-08-14 22:08:862 INFO  WaitHelper:33 - Implicit Wait is set to: 120
2018-08-14 22:08:878 INFO  WaitHelper:95 - Waiting for Page to load for: SECONDS
2018-08-14 22:08:893 INFO  WaitHelper:97 - Page is loaded
2018-08-14 22:08:148 INFO  WaitHelper:28 - WaitHelper Object created
2018-08-14 22:08:180 INFO  WaitHelper:101 - waiting for :[[ChromeDriver: chrome on XP (e98de089f60a83abf0d74853a8d71ffa)] -> xpath: //*[@id='block_top_menu']/ul/li[1]/a] for :200 seconds
2018-08-14 22:08:212 INFO  WaitHelper:104 - element is visible now
2018-08-14 22:08:212 INFO  TestBase:163 - Capturing navigation Screen
2018-08-14 22:08:11 INFO  NavigationMenu:56 - clickin on : WOMEN
2018-08-14 22:08:717 INFO  WaitHelper:28 - WaitHelper Object created
2018-08-14 22:08:744 INFO  WaitHelper:101 - waiting for :[[ChromeDriver: chrome on XP (e98de089f60a83abf0d74853a8d71ffa)] -> xpath: //*[@id='layered_block_left']/p] for :200 seconds
2018-08-14 22:08:766 INFO  WaitHelper:104 - element is visible now
2018-08-14 22:08:766 INFO  TestBase:163 - Capturing navigation Screen
2018-08-14 22:08:263 INFO  JavaScriptHelper:17 - JavaScriptHelper has been initialised
2018-08-14 22:08:461 INFO  VerifyProductCounts:30 - Count of select Color Orange was: 3
2018-08-14 22:08:477 INFO  AssertionHelper:19 - making script PASS..
2018-08-14 22:08:744 INFO  TestBase:127 - Initialized WebDriver 1796047085
2018-08-14 22:08:748 INFO  WaitHelper:28 - WaitHelper Object created
2018-08-14 22:08:749 INFO  WaitHelper:33 - Implicit Wait is set to: 120
2018-08-14 22:08:758 INFO  WaitHelper:95 - Waiting for Page to load for: SECONDS
2018-08-14 22:08:764 INFO  WaitHelper:97 - Page is loaded
2018-08-14 22:08:590 INFO  WaitHelper:28 - WaitHelper Object created
2018-08-14 22:08:625 INFO  WaitHelper:101 - waiting for :[[ChromeDriver: chrome on XP (7c78bfb967c2e2f80aa3753a0cbfce88)] -> xpath: //a[@title='Log in to your customer account']] for :200 seconds
2018-08-14 22:08:669 INFO  WaitHelper:104 - element is visible now
2018-08-14 22:08:669 INFO  TestBase:163 - Capturing navigation Screen
2018-08-14 22:08:450 INFO  LoginPage:63 - clicked on sign in link...
2018-08-14 22:08:172 INFO  LoginPage:69 - entering email address....1529686406836@gmail.com
2018-08-14 22:08:404 INFO  LoginPage:75 - entering password....password
2018-08-14 22:08:522 INFO  LoginPage:81 - clicking on submit button...
2018-08-14 22:08:523 INFO  JavaScriptHelper:17 - JavaScriptHelper has been initialised
2018-08-14 22:08:524 INFO  JavaScriptHelper:55 - Scrolling Down Vertically
2018-08-14 22:08:499 INFO  WaitHelper:28 - WaitHelper Object created
2018-08-14 22:08:527 INFO  WaitHelper:101 - waiting for :[[ChromeDriver: chrome on XP (7c78bfb967c2e2f80aa3753a0cbfce88)] -> xpath: //*[@id='block_top_menu']/ul/li[1]/a] for :200 seconds
2018-08-14 22:08:563 INFO  WaitHelper:104 - element is visible now
2018-08-14 22:08:563 INFO  TestBase:163 - Capturing navigation Screen
2018-08-14 22:08:46 INFO  VerificationHelper:22 - element is Displayed..Welcome to your account. Here you can manage all of your personal information and orders.
2018-08-14 22:08:196 INFO  TestBase:127 - Initialized WebDriver 1458748394
2018-08-14 22:08:197 INFO  WaitHelper:28 - WaitHelper Object created
2018-08-14 22:08:199 INFO  WaitHelper:33 - Implicit Wait is set to: 120
2018-08-14 22:08:207 INFO  WaitHelper:95 - Waiting for Page to load for: SECONDS
2018-08-14 22:08:215 INFO  WaitHelper:97 - Page is loaded
2018-08-14 22:08:475 INFO  WaitHelper:28 - WaitHelper Object created
2018-08-14 22:08:504 INFO  WaitHelper:101 - waiting for :[[ChromeDriver: chrome on XP (376a6828f67e5176b75d83cea7716624)] -> xpath: //a[@title='Log in to your customer account']] for :200 seconds
2018-08-14 22:08:536 INFO  WaitHelper:104 - element is visible now
2018-08-14 22:08:536 INFO  TestBase:163 - Capturing navigation Screen
2018-08-14 22:08:317 INFO  LoginPage:63 - clicked on sign in link...
2018-08-14 22:08:828 INFO  LoginPage:96 - entering registration email..1534266367828@gmail.com
2018-08-14 22:08:250 INFO  WaitHelper:28 - WaitHelper Object created
2018-08-14 22:08:916 INFO  WaitHelper:101 - waiting for :[[ChromeDriver: chrome on XP (376a6828f67e5176b75d83cea7716624)] -> xpath: //*[@id='id_gender1']] for :200 seconds
2018-08-14 22:08:952 INFO  WaitHelper:104 - element is visible now
2018-08-14 22:08:952 INFO  TestBase:163 - Capturing navigation Screen
2018-08-14 22:08:337 INFO  RegistrationPage:101 - selecting mr checkbox..
2018-08-14 22:08:426 INFO  RegistrationPage:113 - entering firstName..firstName
2018-08-14 22:08:646 INFO  RegistrationPage:119 - entering lastname..lastname
2018-08-14 22:08:778 INFO  RegistrationPage:131 - entering password..password
2018-08-14 22:08:914 INFO  RegistrationPage:199 - entering address..address
2018-08-14 22:08:547 INFO  RegistrationPage:181 - entering yourAddressFirstName..yourAddressFirstName
2018-08-14 22:08:758 INFO  RegistrationPage:187 - entering yourAddressLastName..yourAddressLastName
2018-08-14 22:08:966 INFO  RegistrationPage:193 - entering yourAddressCompany..yourAddressCompany
2018-08-14 22:08:170 INFO  RegistrationPage:211 - entering yourAddressCity..yourAddressCity
2018-08-14 22:08:350 INFO  RegistrationPage:217 - entering yourAddressState..Alaska
2018-08-14 22:08:514 INFO  RegistrationPage:223 - entering yourAddressPostCode..99501
2018-08-14 22:08:623 INFO  RegistrationPage:241 - entering mobilePhone..9999999999
2018-08-14 22:08:787 INFO  RegistrationPage:247 - entering addressAlias..addressAlias
2018-08-14 22:08:972 INFO  RegistrationPage:253 - clicked on registration..[[ChromeDriver: chrome on XP (376a6828f67e5176b75d83cea7716624)] -> xpath: //*[@id='submitAccount']]
2018-08-14 22:08:768 INFO  WaitHelper:28 - WaitHelper Object created
2018-08-14 22:08:796 INFO  WaitHelper:101 - waiting for :[[ChromeDriver: chrome on XP (376a6828f67e5176b75d83cea7716624)] -> xpath: //*[contains(text(),'Order history and details')]] for :200 seconds
2018-08-14 22:08:832 INFO  WaitHelper:104 - element is visible now
2018-08-14 22:08:832 INFO  TestBase:163 - Capturing navigation Screen
2018-08-14 22:08:360 INFO  VerificationHelper:22 - element is Displayed..Welcome to your account. Here you can manage all of your personal information and orders.
2018-08-14 22:08:379 INFO  TestBase:127 - Initialized WebDriver 1467740330
2018-08-14 22:08:379 INFO  WaitHelper:28 - WaitHelper Object created
2018-08-14 22:08:380 INFO  WaitHelper:33 - Implicit Wait is set to: 120
2018-08-14 22:08:389 INFO  WaitHelper:95 - Waiting for Page to load for: SECONDS
2018-08-14 22:08:404 INFO  WaitHelper:97 - Page is loaded
2018-08-14 22:08:36 INFO  WaitHelper:28 - WaitHelper Object created
2018-08-14 22:08:91 INFO  WaitHelper:101 - waiting for :[[ChromeDriver: chrome on XP (3b80a1dab5bff6ca6fcef997c0a7f4d8)] -> xpath: //*[@id='block_top_menu']/ul/li[1]/a] for :200 seconds
2018-08-14 22:08:158 INFO  WaitHelper:104 - element is visible now
2018-08-14 22:08:158 INFO  TestBase:163 - Capturing navigation Screen
2018-08-14 22:08:975 INFO  NavigationMenu:56 - clickin on : WOMEN
2018-08-14 22:08:260 INFO  WaitHelper:28 - WaitHelper Object created
2018-08-14 22:08:297 INFO  WaitHelper:101 - waiting for :[[ChromeDriver: chrome on XP (3b80a1dab5bff6ca6fcef997c0a7f4d8)] -> xpath: //*[@id='layered_block_left']/p] for :200 seconds
2018-08-14 22:08:331 INFO  WaitHelper:104 - element is visible now
2018-08-14 22:08:331 INFO  TestBase:163 - Capturing navigation Screen
2018-08-14 22:08:919 INFO  FrameHelper:20 - DropDownHelper object is created!!
2018-08-14 22:08:982 INFO  FrameHelper:37 - Select using visible text: Price: Lowest first
2018-08-14 22:08:175 INFO  ProductCategoryPage:167 - 16.40
2018-08-14 22:08:211 INFO  ProductCategoryPage:167 - 16.51
2018-08-14 22:08:234 INFO  ProductCategoryPage:167 - 26.00
2018-08-14 22:08:251 INFO  ProductCategoryPage:167 - 27.00
2018-08-14 22:08:267 INFO  ProductCategoryPage:167 - 28.98
2018-08-14 22:08:311 INFO  ProductCategoryPage:167 - 30.50
2018-08-14 22:08:330 INFO  ProductCategoryPage:167 - 50.99
2018-08-14 22:08:330 INFO  ProductCategoryPage:151 - obj.get(i)..16
2018-08-14 22:08:331 INFO  ProductCategoryPage:152 - obj.get(i+1)..16
2018-08-14 22:08:331 INFO  ProductCategoryPage:151 - obj.get(i)..16
2018-08-14 22:08:331 INFO  ProductCategoryPage:152 - obj.get(i+1)..26
2018-08-14 22:08:331 INFO  ProductCategoryPage:151 - obj.get(i)..26
2018-08-14 22:08:331 INFO  ProductCategoryPage:152 - obj.get(i+1)..27
2018-08-14 22:08:331 INFO  ProductCategoryPage:151 - obj.get(i)..27
2018-08-14 22:08:331 INFO  ProductCategoryPage:152 - obj.get(i+1)..28
2018-08-14 22:08:331 INFO  ProductCategoryPage:151 - obj.get(i)..28
2018-08-14 22:08:332 INFO  ProductCategoryPage:152 - obj.get(i+1)..30
2018-08-14 22:08:332 INFO  ProductCategoryPage:151 - obj.get(i)..30
2018-08-14 22:08:332 INFO  ProductCategoryPage:152 - obj.get(i+1)..50
2018-08-14 22:08:222 INFO  TestBase:127 - Initialized WebDriver 1845922505
2018-08-14 22:08:222 INFO  WaitHelper:28 - WaitHelper Object created
2018-08-14 22:08:222 INFO  WaitHelper:33 - Implicit Wait is set to: 120
2018-08-14 22:08:229 INFO  WaitHelper:95 - Waiting for Page to load for: SECONDS
2018-08-14 22:08:232 INFO  WaitHelper:97 - Page is loaded
2018-08-14 22:08:513 INFO  WaitHelper:28 - WaitHelper Object created
2018-08-14 22:08:532 INFO  WaitHelper:101 - waiting for :[[ChromeDriver: chrome on XP (dc45ce1f70d7b22a0d99eb28d734ef2b)] -> xpath: //*[@id='block_top_menu']/ul/li[1]/a] for :200 seconds
2018-08-14 22:08:568 INFO  WaitHelper:104 - element is visible now
2018-08-14 22:08:568 INFO  TestBase:163 - Capturing navigation Screen
2018-08-14 22:08:314 INFO  NavigationMenu:56 - clickin on : WOMEN
2018-08-14 22:08:782 INFO  WaitHelper:28 - WaitHelper Object created
2018-08-14 22:08:827 INFO  WaitHelper:101 - waiting for :[[ChromeDriver: chrome on XP (dc45ce1f70d7b22a0d99eb28d734ef2b)] -> xpath: //*[@id='layered_block_left']/p] for :200 seconds
2018-08-14 22:08:906 INFO  WaitHelper:104 - element is visible now
2018-08-14 22:08:906 INFO  TestBase:163 - Capturing navigation Screen
2018-08-14 22:08:423 INFO  JavaScriptHelper:17 - JavaScriptHelper has been initialised
2018-08-14 22:08:613 INFO  VerifyProductCounts:30 - Count of select Color Orange was: 3
2018-08-14 22:08:626 INFO  AssertionHelper:19 - making script PASS..
2018-08-14 22:08:142 INFO  TestBase:128 - Initialized WebDriver 1796047085
2018-08-14 22:08:147 INFO  WaitHelper:28 - WaitHelper Object created
2018-08-14 22:08:148 INFO  WaitHelper:33 - Implicit Wait is set to: 120
2018-08-14 22:08:157 INFO  WaitHelper:95 - Waiting for Page to load for: SECONDS
2018-08-14 22:08:162 INFO  WaitHelper:97 - Page is loaded
2018-08-14 22:08:988 INFO  WaitHelper:28 - WaitHelper Object created
2018-08-14 22:08:12 INFO  WaitHelper:101 - waiting for :[[ChromeDriver: chrome on XP (ec90b527d1ad29161a7463983a78dfa8)] -> xpath: //a[@title='Log in to your customer account']] for :200 seconds
2018-08-14 22:08:46 INFO  WaitHelper:104 - element is visible now
2018-08-14 22:08:46 INFO  TestBase:164 - Capturing navigation Screen
2018-08-14 22:08:47 INFO  JavaScriptHelper:17 - JavaScriptHelper has been initialised
2018-08-14 22:08:618 INFO  LoginPage:63 - clicked on sign in link...
2018-08-14 22:08:894 INFO  TestBase:128 - Initialized WebDriver 1959708563
2018-08-14 22:08:894 INFO  WaitHelper:28 - WaitHelper Object created
2018-08-14 22:08:895 INFO  WaitHelper:33 - Implicit Wait is set to: 120
2018-08-14 22:08:900 INFO  WaitHelper:95 - Waiting for Page to load for: SECONDS
2018-08-14 22:08:904 INFO  WaitHelper:97 - Page is loaded
2018-08-14 22:08:479 INFO  WaitHelper:28 - WaitHelper Object created
2018-08-14 22:08:980 INFO  TestBase:128 - Initialized WebDriver 1671816300
2018-08-14 22:08:980 INFO  WaitHelper:28 - WaitHelper Object created
2018-08-14 22:08:981 INFO  WaitHelper:33 - Implicit Wait is set to: 120
2018-08-14 22:08:986 INFO  WaitHelper:95 - Waiting for Page to load for: SECONDS
2018-08-14 22:08:990 INFO  WaitHelper:97 - Page is loaded
2018-08-14 22:08:959 INFO  WaitHelper:28 - WaitHelper Object created
2018-08-14 22:08:431 INFO  TestBase:128 - Initialized WebDriver 1104654975
2018-08-14 22:08:431 INFO  WaitHelper:28 - WaitHelper Object created
2018-08-14 22:08:431 INFO  WaitHelper:33 - Implicit Wait is set to: 120
2018-08-14 22:08:440 INFO  WaitHelper:95 - Waiting for Page to load for: SECONDS
2018-08-14 22:08:447 INFO  WaitHelper:97 - Page is loaded
2018-08-14 23:08:294 INFO  TestBase:128 - Initialized WebDriver 515809288
2018-08-14 23:08:299 INFO  WaitHelper:28 - WaitHelper Object created
2018-08-14 23:08:299 INFO  WaitHelper:33 - Implicit Wait is set to: 120
2018-08-14 23:08:320 INFO  WaitHelper:95 - Waiting for Page to load for: SECONDS
2018-08-14 23:08:324 INFO  WaitHelper:97 - Page is loaded
2018-08-14 23:08:07 INFO  WaitHelper:28 - WaitHelper Object created
2018-08-14 23:08:38 INFO  WaitHelper:101 - waiting for :Proxy element for: DefaultElementLocator 'By.xpath: //a[@title='Log in to your customer account']' for :200 seconds
2018-08-14 23:08:137 INFO  TestBase:128 - Initialized WebDriver 515809288
2018-08-14 23:08:150 INFO  WaitHelper:28 - WaitHelper Object created
2018-08-14 23:08:150 INFO  WaitHelper:33 - Implicit Wait is set to: 120
2018-08-14 23:08:169 INFO  WaitHelper:95 - Waiting for Page to load for: SECONDS
2018-08-14 23:08:194 INFO  WaitHelper:97 - Page is loaded
2018-08-14 23:08:469 INFO  WaitHelper:28 - WaitHelper Object created
2018-08-14 23:08:201 INFO  TestBase:128 - Initialized WebDriver 515809288
2018-08-14 23:08:204 INFO  WaitHelper:28 - WaitHelper Object created
2018-08-14 23:08:204 INFO  WaitHelper:33 - Implicit Wait is set to: 120
2018-08-14 23:08:219 INFO  WaitHelper:95 - Waiting for Page to load for: SECONDS
2018-08-14 23:08:222 INFO  WaitHelper:97 - Page is loaded
2018-08-14 23:08:609 INFO  WaitHelper:28 - WaitHelper Object created
2018-08-14 23:08:34 INFO  TestBase:128 - Initialized WebDriver 1552326679
2018-08-14 23:08:41 INFO  WaitHelper:28 - WaitHelper Object created
2018-08-14 23:08:41 INFO  WaitHelper:33 - Implicit Wait is set to: 120
2018-08-14 23:08:49 INFO  WaitHelper:95 - Waiting for Page to load for: SECONDS
2018-08-14 23:08:54 INFO  WaitHelper:97 - Page is loaded
2018-08-14 23:08:579 INFO  WaitHelper:28 - WaitHelper Object created
2018-08-14 23:08:613 INFO  WaitHelper:101 - waiting for :[[ChromeDriver: chrome on XP (80c609742839af13844001b0077f68a6)] -> xpath: //a[@title='Log in to your customer account']] for :200 seconds
2018-08-14 23:08:665 INFO  WaitHelper:104 - element is visible now
2018-08-14 23:08:665 INFO  TestBase:164 - Capturing navigation Screen
2018-08-14 23:08:666 INFO  JavaScriptHelper:17 - JavaScriptHelper has been initialised
2018-08-14 23:08:435 INFO  LoginPage:63 - clicked on sign in link...
2018-08-14 23:08:645 INFO  TestBase:128 - Initialized WebDriver 755210740
2018-08-14 23:08:652 INFO  WaitHelper:28 - WaitHelper Object created
2018-08-14 23:08:653 INFO  WaitHelper:33 - Implicit Wait is set to: 120
2018-08-14 23:08:661 INFO  WaitHelper:95 - Waiting for Page to load for: SECONDS
2018-08-14 23:08:665 INFO  WaitHelper:97 - Page is loaded
2018-08-14 23:08:705 INFO  WaitHelper:28 - WaitHelper Object created
2018-08-14 23:08:729 INFO  WaitHelper:101 - waiting for :[[ChromeDriver: chrome on XP (69a3588dc625450a9442f2ed0280d6d9)] -> xpath: //a[@title='Log in to your customer account']] for :200 seconds
2018-08-14 23:08:761 INFO  WaitHelper:104 - element is visible now
2018-08-14 23:08:762 INFO  TestBase:164 - Capturing navigation Screen
2018-08-14 23:08:763 INFO  JavaScriptHelper:17 - JavaScriptHelper has been initialised
2018-08-14 23:08:348 INFO  LoginPage:63 - clicked on sign in link...
2018-08-14 23:08:666 INFO  TestBase:128 - Initialized WebDriver 1407324654
2018-08-14 23:08:667 INFO  WaitHelper:28 - WaitHelper Object created
2018-08-14 23:08:667 INFO  WaitHelper:33 - Implicit Wait is set to: 120
2018-08-14 23:08:676 INFO  WaitHelper:95 - Waiting for Page to load for: SECONDS
2018-08-14 23:08:683 INFO  WaitHelper:97 - Page is loaded
2018-08-14 23:08:270 INFO  WaitHelper:28 - WaitHelper Object created
2018-08-14 23:08:294 INFO  WaitHelper:101 - waiting for :[[ChromeDriver: chrome on XP (c924e51c7a7be81d829b0537d42fbb48)] -> xpath: //a[@title='Log in to your customer account']] for :200 seconds
2018-08-14 23:08:330 INFO  WaitHelper:104 - element is visible now
2018-08-14 23:08:331 INFO  TestBase:164 - Capturing navigation Screen
2018-08-14 23:08:331 INFO  JavaScriptHelper:17 - JavaScriptHelper has been initialised
2018-08-14 23:08:868 INFO  LoginPage:63 - clicked on sign in link...
2018-08-14 23:08:734 INFO  TestBase:128 - Initialized WebDriver 374646930
2018-08-14 23:08:735 INFO  WaitHelper:28 - WaitHelper Object created
2018-08-14 23:08:735 INFO  WaitHelper:33 - Implicit Wait is set to: 120
2018-08-14 23:08:738 INFO  WaitHelper:95 - Waiting for Page to load for: SECONDS
2018-08-14 23:08:742 INFO  WaitHelper:97 - Page is loaded
2018-08-14 23:08:746 INFO  WaitHelper:28 - WaitHelper Object created
2018-08-14 23:08:768 INFO  WaitHelper:101 - waiting for :[[ChromeDriver: chrome on XP (7cbb617dc0eb3388f0d11849de8a9e2d)] -> xpath: //*[@id='block_top_menu']/ul/li[1]/a] for :200 seconds
2018-08-14 23:08:802 INFO  WaitHelper:104 - element is visible now
2018-08-14 23:08:802 INFO  TestBase:164 - Capturing navigation Screen
2018-08-14 23:08:802 INFO  JavaScriptHelper:17 - JavaScriptHelper has been initialised
2018-08-14 23:08:386 INFO  NavigationMenu:56 - clickin on : WOMEN
2018-08-14 23:08:311 INFO  TestBase:128 - Initialized WebDriver 1020632821
2018-08-14 23:08:312 INFO  WaitHelper:28 - WaitHelper Object created
2018-08-14 23:08:312 INFO  WaitHelper:33 - Implicit Wait is set to: 120
2018-08-14 23:08:315 INFO  WaitHelper:95 - Waiting for Page to load for: SECONDS
2018-08-14 23:08:318 INFO  WaitHelper:97 - Page is loaded
2018-08-14 23:08:34 INFO  WaitHelper:28 - WaitHelper Object created
2018-08-14 23:08:53 INFO  WaitHelper:101 - waiting for :[[ChromeDriver: chrome on XP (2affdb05042b1707d1f43570f5b5373d)] -> xpath: //*[@id='block_top_menu']/ul/li[1]/a] for :200 seconds
2018-08-14 23:08:81 INFO  WaitHelper:104 - element is visible now
2018-08-14 23:08:81 INFO  TestBase:164 - Capturing navigation Screen
2018-08-14 23:08:81 INFO  JavaScriptHelper:17 - JavaScriptHelper has been initialised
2018-08-14 23:08:694 INFO  NavigationMenu:56 - clickin on : WOMEN
2018-08-14 23:08:988 INFO  TestBase:128 - Initialized WebDriver 515809288
2018-08-14 23:08:991 INFO  WaitHelper:28 - WaitHelper Object created
2018-08-14 23:08:991 INFO  WaitHelper:33 - Implicit Wait is set to: 120
2018-08-14 23:08:06 INFO  WaitHelper:95 - Waiting for Page to load for: SECONDS
2018-08-14 23:08:09 INFO  WaitHelper:97 - Page is loaded
2018-08-14 23:08:760 INFO  WaitHelper:28 - WaitHelper Object created
2018-08-14 23:08:789 INFO  WaitHelper:101 - waiting for :[[ChromeDriver: chrome on XP (35a1fbe5c0cad0d53fc71211ae143668)] -> xpath: //a[@title='Log in to your customer account']] for :200 seconds
2018-08-14 23:08:824 INFO  WaitHelper:104 - element is visible now
2018-08-14 23:08:824 INFO  TestBase:164 - Capturing navigation Screen
2018-08-14 23:08:825 INFO  JavaScriptHelper:17 - JavaScriptHelper has been initialised
2018-08-14 23:08:377 INFO  LoginPage:63 - clicked on sign in link...
2018-08-14 23:08:695 INFO  TestBase:128 - Initialized WebDriver 515809288
2018-08-14 23:08:697 INFO  WaitHelper:28 - WaitHelper Object created
2018-08-14 23:08:698 INFO  WaitHelper:33 - Implicit Wait is set to: 120
2018-08-14 23:08:713 INFO  WaitHelper:95 - Waiting for Page to load for: SECONDS
2018-08-14 23:08:717 INFO  WaitHelper:97 - Page is loaded
2018-08-14 23:08:341 INFO  WaitHelper:28 - WaitHelper Object created
2018-08-14 23:08:371 INFO  WaitHelper:101 - waiting for :[[ChromeDriver: chrome on XP (c29de03973a0cdf9790d8c4ffc6c9920)] -> xpath: //a[@title='Log in to your customer account']] for :200 seconds
2018-08-14 23:08:414 INFO  WaitHelper:104 - element is visible now
2018-08-14 23:08:414 INFO  TestBase:164 - Capturing navigation Screen
2018-08-14 23:08:415 INFO  JavaScriptHelper:17 - JavaScriptHelper has been initialised
2018-08-14 23:08:627 INFO  TestBase:128 - Initialized WebDriver 515809288
2018-08-14 23:08:631 INFO  WaitHelper:28 - WaitHelper Object created
2018-08-14 23:08:631 INFO  WaitHelper:33 - Implicit Wait is set to: 120
2018-08-14 23:08:647 INFO  WaitHelper:95 - Waiting for Page to load for: SECONDS
2018-08-14 23:08:662 INFO  WaitHelper:97 - Page is loaded
2018-08-14 23:08:439 INFO  WaitHelper:28 - WaitHelper Object created
2018-08-14 23:08:460 INFO  WaitHelper:101 - waiting for :[[ChromeDriver: chrome on XP (b6e8264b624c67e3f9c19c9307e29ada)] -> xpath: //a[@title='Log in to your customer account']] for :200 seconds
2018-08-14 23:08:490 INFO  WaitHelper:104 - element is visible now
2018-08-14 23:08:490 INFO  TestBase:164 - Capturing navigation Screen
2018-08-14 23:08:491 INFO  JavaScriptHelper:17 - JavaScriptHelper has been initialised
2018-08-14 23:08:37 INFO  JavaScriptHelper:17 - JavaScriptHelper has been initialised
2018-08-14 23:08:630 INFO  LoginPage:64 - clicked on sign in link...
2018-08-14 23:08:631 INFO  LoginPage:69 - entering email address....1529686406836@gmail.com
2018-08-14 23:08:887 INFO  LoginPage:75 - entering password....password
2018-08-14 23:08:00 INFO  LoginPage:81 - clicking on submit button...
2018-08-14 23:08:01 INFO  JavaScriptHelper:17 - JavaScriptHelper has been initialised
2018-08-14 23:08:02 INFO  JavaScriptHelper:55 - Scrolling Down Vertically
2018-08-14 23:08:828 INFO  WaitHelper:28 - WaitHelper Object created
2018-08-14 23:08:855 INFO  WaitHelper:101 - waiting for :[[ChromeDriver: chrome on XP (b6e8264b624c67e3f9c19c9307e29ada)] -> xpath: //*[@id='block_top_menu']/ul/li[1]/a] for :200 seconds
2018-08-14 23:08:888 INFO  WaitHelper:104 - element is visible now
2018-08-14 23:08:888 INFO  TestBase:164 - Capturing navigation Screen
2018-08-14 23:08:888 INFO  JavaScriptHelper:17 - JavaScriptHelper has been initialised
2018-08-14 23:08:325 INFO  JavaScriptHelper:17 - JavaScriptHelper has been initialised
2018-08-14 23:08:394 INFO  VerificationHelper:22 - element is Displayed..Welcome to your account. Here you can manage all of your personal information and orders.
2018-08-14 23:08:495 INFO  TestBase:128 - Initialized WebDriver 755210740
2018-08-14 23:08:503 INFO  WaitHelper:28 - WaitHelper Object created
2018-08-14 23:08:503 INFO  WaitHelper:33 - Implicit Wait is set to: 120
2018-08-14 23:08:511 INFO  WaitHelper:95 - Waiting for Page to load for: SECONDS
2018-08-14 23:08:515 INFO  WaitHelper:97 - Page is loaded
2018-08-14 23:08:290 INFO  WaitHelper:28 - WaitHelper Object created
2018-08-14 23:08:316 INFO  WaitHelper:101 - waiting for :[[ChromeDriver: chrome on XP (97721f223b63baebbe050ce754398029)] -> xpath: //a[@title='Log in to your customer account']] for :200 seconds
2018-08-14 23:08:350 INFO  WaitHelper:104 - element is visible now
2018-08-14 23:08:351 INFO  TestBase:164 - Capturing navigation Screen
2018-08-14 23:08:352 INFO  JavaScriptHelper:17 - JavaScriptHelper has been initialised
2018-08-14 23:08:911 INFO  JavaScriptHelper:17 - JavaScriptHelper has been initialised
2018-08-14 23:08:682 INFO  LoginPage:64 - clicked on sign in link...
2018-08-14 23:08:683 INFO  LoginPage:69 - entering email address....1529686406836@gmail.com
2018-08-14 23:08:877 INFO  LoginPage:75 - entering password....password
2018-08-14 23:08:07 INFO  LoginPage:81 - clicking on submit button...
2018-08-14 23:08:08 INFO  JavaScriptHelper:17 - JavaScriptHelper has been initialised
2018-08-14 23:08:10 INFO  JavaScriptHelper:55 - Scrolling Down Vertically
2018-08-14 23:08:713 INFO  WaitHelper:28 - WaitHelper Object created
2018-08-14 23:08:738 INFO  WaitHelper:101 - waiting for :[[ChromeDriver: chrome on XP (97721f223b63baebbe050ce754398029)] -> xpath: //*[@id='block_top_menu']/ul/li[1]/a] for :200 seconds
2018-08-14 23:08:777 INFO  WaitHelper:104 - element is visible now
2018-08-14 23:08:778 INFO  TestBase:164 - Capturing navigation Screen
2018-08-14 23:08:778 INFO  JavaScriptHelper:17 - JavaScriptHelper has been initialised
2018-08-14 23:08:205 INFO  JavaScriptHelper:17 - JavaScriptHelper has been initialised
2018-08-14 23:08:286 INFO  VerificationHelper:22 - element is Displayed..Welcome to your account. Here you can manage all of your personal information and orders.
2018-08-14 23:08:381 INFO  TestBase:128 - Initialized WebDriver 1805412777
2018-08-14 23:08:382 INFO  WaitHelper:28 - WaitHelper Object created
2018-08-14 23:08:382 INFO  WaitHelper:33 - Implicit Wait is set to: 120
2018-08-14 23:08:390 INFO  WaitHelper:95 - Waiting for Page to load for: SECONDS
2018-08-14 23:08:396 INFO  WaitHelper:97 - Page is loaded
2018-08-14 23:08:970 INFO  WaitHelper:28 - WaitHelper Object created
2018-08-14 23:08:991 INFO  WaitHelper:101 - waiting for :[[ChromeDriver: chrome on XP (dece7045cbd42b36f3faf5288bbe5816)] -> xpath: //a[@title='Log in to your customer account']] for :200 seconds
2018-08-14 23:08:18 INFO  WaitHelper:104 - element is visible now
2018-08-14 23:08:19 INFO  TestBase:164 - Capturing navigation Screen
2018-08-14 23:08:19 INFO  JavaScriptHelper:17 - JavaScriptHelper has been initialised
2018-08-14 23:08:610 INFO  JavaScriptHelper:17 - JavaScriptHelper has been initialised
2018-08-14 23:08:212 INFO  LoginPage:64 - clicked on sign in link...
2018-08-14 23:08:213 INFO  LoginPage:96 - entering registration email..1534270904213@gmail.com
2018-08-14 23:08:605 INFO  WaitHelper:28 - WaitHelper Object created
2018-08-14 23:08:124 INFO  WaitHelper:101 - waiting for :[[ChromeDriver: chrome on XP (dece7045cbd42b36f3faf5288bbe5816)] -> xpath: //*[@id='id_gender1']] for :200 seconds
2018-08-14 23:08:159 INFO  WaitHelper:104 - element is visible now
2018-08-14 23:08:160 INFO  TestBase:164 - Capturing navigation Screen
2018-08-14 23:08:161 INFO  JavaScriptHelper:17 - JavaScriptHelper has been initialised
2018-08-14 23:08:529 INFO  JavaScriptHelper:17 - JavaScriptHelper has been initialised
2018-08-14 23:08:535 INFO  RegistrationPage:101 - selecting mr checkbox..
2018-08-14 23:08:635 INFO  RegistrationPage:113 - entering firstName..firstName
2018-08-14 23:08:872 INFO  RegistrationPage:119 - entering lastname..lastname
2018-08-14 23:08:12 INFO  RegistrationPage:131 - entering password..password
2018-08-14 23:08:132 INFO  RegistrationPage:199 - entering address..address
2018-08-14 23:08:760 INFO  RegistrationPage:181 - entering yourAddressFirstName..yourAddressFirstName
2018-08-14 23:08:949 INFO  RegistrationPage:187 - entering yourAddressLastName..yourAddressLastName
2018-08-14 23:08:151 INFO  RegistrationPage:193 - entering yourAddressCompany..yourAddressCompany
2018-08-14 23:08:354 INFO  RegistrationPage:211 - entering yourAddressCity..yourAddressCity
2018-08-14 23:08:539 INFO  RegistrationPage:217 - entering yourAddressState..Alaska
2018-08-14 23:08:678 INFO  RegistrationPage:223 - entering yourAddressPostCode..99501
2018-08-14 23:08:791 INFO  RegistrationPage:241 - entering mobilePhone..9999999999
2018-08-14 23:08:939 INFO  RegistrationPage:247 - entering addressAlias..addressAlias
2018-08-14 23:08:102 INFO  RegistrationPage:253 - clicked on registration..[[ChromeDriver: chrome on XP (dece7045cbd42b36f3faf5288bbe5816)] -> xpath: //*[@id='submitAccount']]
2018-08-14 23:08:736 INFO  WaitHelper:28 - WaitHelper Object created
2018-08-14 23:08:765 INFO  WaitHelper:101 - waiting for :[[ChromeDriver: chrome on XP (dece7045cbd42b36f3faf5288bbe5816)] -> xpath: //*[contains(text(),'Order history and details')]] for :200 seconds
2018-08-14 23:08:792 INFO  WaitHelper:104 - element is visible now
2018-08-14 23:08:793 INFO  TestBase:164 - Capturing navigation Screen
2018-08-14 23:08:793 INFO  JavaScriptHelper:17 - JavaScriptHelper has been initialised
2018-08-14 23:08:213 INFO  JavaScriptHelper:17 - JavaScriptHelper has been initialised
2018-08-14 23:08:289 INFO  VerificationHelper:22 - element is Displayed..Welcome to your account. Here you can manage all of your personal information and orders.
2018-08-14 23:08:130 INFO  TestBase:128 - Initialized WebDriver 199320792
2018-08-14 23:08:131 INFO  WaitHelper:28 - WaitHelper Object created
2018-08-14 23:08:131 INFO  WaitHelper:33 - Implicit Wait is set to: 120
2018-08-14 23:08:134 INFO  WaitHelper:95 - Waiting for Page to load for: SECONDS
2018-08-14 23:08:137 INFO  WaitHelper:97 - Page is loaded
2018-08-14 23:08:350 INFO  WaitHelper:28 - WaitHelper Object created
2018-08-14 23:08:378 INFO  WaitHelper:101 - waiting for :[[ChromeDriver: chrome on XP (0c22015dec9f6d2174243b055a584b1e)] -> xpath: //*[@id='block_top_menu']/ul/li[1]/a] for :200 seconds
2018-08-14 23:08:419 INFO  WaitHelper:104 - element is visible now
2018-08-14 23:08:421 INFO  TestBase:164 - Capturing navigation Screen
2018-08-14 23:08:422 INFO  JavaScriptHelper:17 - JavaScriptHelper has been initialised
2018-08-14 23:08:975 INFO  JavaScriptHelper:17 - JavaScriptHelper has been initialised
2018-08-14 23:08:44 INFO  NavigationMenu:56 - clickin on : WOMEN
2018-08-14 23:08:562 INFO  WaitHelper:28 - WaitHelper Object created
2018-08-14 23:08:585 INFO  WaitHelper:101 - waiting for :[[ChromeDriver: chrome on XP (0c22015dec9f6d2174243b055a584b1e)] -> xpath: //*[@id='layered_block_left']/p] for :200 seconds
2018-08-14 23:08:610 INFO  WaitHelper:104 - element is visible now
2018-08-14 23:08:611 INFO  TestBase:164 - Capturing navigation Screen
2018-08-14 23:08:611 INFO  JavaScriptHelper:17 - JavaScriptHelper has been initialised
2018-08-14 23:08:77 INFO  JavaScriptHelper:17 - JavaScriptHelper has been initialised
2018-08-14 23:08:108 INFO  FrameHelper:20 - DropDownHelper object is created!!
2018-08-14 23:08:151 INFO  FrameHelper:37 - Select using visible text: Price: Lowest first
2018-08-14 23:08:294 INFO  ProductCategoryPage:167 - 16.40
2018-08-14 23:08:325 INFO  ProductCategoryPage:167 - 16.51
2018-08-14 23:08:341 INFO  ProductCategoryPage:167 - 26.00
2018-08-14 23:08:356 INFO  ProductCategoryPage:167 - 27.00
2018-08-14 23:08:372 INFO  ProductCategoryPage:167 - 28.98
2018-08-14 23:08:403 INFO  ProductCategoryPage:167 - 30.50
2018-08-14 23:08:422 INFO  ProductCategoryPage:167 - 50.99
2018-08-14 23:08:423 INFO  ProductCategoryPage:151 - obj.get(i)..16
2018-08-14 23:08:423 INFO  ProductCategoryPage:152 - obj.get(i+1)..16
2018-08-14 23:08:423 INFO  ProductCategoryPage:151 - obj.get(i)..16
2018-08-14 23:08:423 INFO  ProductCategoryPage:152 - obj.get(i+1)..26
2018-08-14 23:08:424 INFO  ProductCategoryPage:151 - obj.get(i)..26
2018-08-14 23:08:424 INFO  ProductCategoryPage:152 - obj.get(i+1)..27
2018-08-14 23:08:424 INFO  ProductCategoryPage:151 - obj.get(i)..27
2018-08-14 23:08:424 INFO  ProductCategoryPage:152 - obj.get(i+1)..28
2018-08-14 23:08:424 INFO  ProductCategoryPage:151 - obj.get(i)..28
2018-08-14 23:08:424 INFO  ProductCategoryPage:152 - obj.get(i+1)..30
2018-08-14 23:08:425 INFO  ProductCategoryPage:151 - obj.get(i)..30
2018-08-14 23:08:425 INFO  ProductCategoryPage:152 - obj.get(i+1)..50
2018-08-14 23:08:418 INFO  TestBase:128 - Initialized WebDriver 705825928
2018-08-14 23:08:418 INFO  WaitHelper:28 - WaitHelper Object created
2018-08-14 23:08:419 INFO  WaitHelper:33 - Implicit Wait is set to: 120
2018-08-14 23:08:425 INFO  WaitHelper:95 - Waiting for Page to load for: SECONDS
2018-08-14 23:08:428 INFO  WaitHelper:97 - Page is loaded
2018-08-14 23:08:810 INFO  WaitHelper:28 - WaitHelper Object created
2018-08-14 23:08:839 INFO  WaitHelper:101 - waiting for :[[ChromeDriver: chrome on XP (8cf7418a6555c70fb4b21d2259dde1e3)] -> xpath: //*[@id='block_top_menu']/ul/li[1]/a] for :200 seconds
2018-08-14 23:08:870 INFO  WaitHelper:104 - element is visible now
2018-08-14 23:08:870 INFO  TestBase:164 - Capturing navigation Screen
2018-08-14 23:08:871 INFO  JavaScriptHelper:17 - JavaScriptHelper has been initialised
2018-08-14 23:08:453 INFO  JavaScriptHelper:17 - JavaScriptHelper has been initialised
2018-08-14 23:08:522 INFO  NavigationMenu:56 - clickin on : WOMEN
2018-08-14 23:08:992 INFO  WaitHelper:28 - WaitHelper Object created
2018-08-14 23:08:10 INFO  WaitHelper:101 - waiting for :[[ChromeDriver: chrome on XP (8cf7418a6555c70fb4b21d2259dde1e3)] -> xpath: //*[@id='layered_block_left']/p] for :200 seconds
2018-08-14 23:08:38 INFO  WaitHelper:104 - element is visible now
2018-08-14 23:08:39 INFO  TestBase:164 - Capturing navigation Screen
2018-08-14 23:08:39 INFO  JavaScriptHelper:17 - JavaScriptHelper has been initialised
2018-08-14 23:08:472 INFO  JavaScriptHelper:17 - JavaScriptHelper has been initialised
2018-08-14 23:08:500 INFO  JavaScriptHelper:17 - JavaScriptHelper has been initialised
2018-08-14 23:08:634 INFO  VerifyProductCounts:30 - Count of select Color Orange was: 3
2018-08-14 23:08:635 INFO  AssertionHelper:19 - making script PASS..
2018-08-15 00:08:772 INFO  TestBase:127 - Initialized WebDriver 372469954
2018-08-15 00:08:775 INFO  WaitHelper:28 - WaitHelper Object created
2018-08-15 00:08:784 INFO  WaitHelper:33 - Implicit Wait is set to: 120
2018-08-15 00:08:793 INFO  WaitHelper:95 - Waiting for Page to load for: SECONDS
2018-08-15 00:08:798 INFO  WaitHelper:97 - Page is loaded
2018-08-15 00:08:353 INFO  WaitHelper:28 - WaitHelper Object created
2018-08-15 00:08:376 INFO  WaitHelper:101 - waiting for :[[ChromeDriver: chrome on XP (6f728a82b690fd98d97fc9d641375ef1)] -> xpath: //a[@title='Log in to your customer account']] for :200 seconds
2018-08-15 00:08:407 INFO  WaitHelper:104 - element is visible now
2018-08-15 00:08:407 INFO  TestBase:163 - Capturing navigation Screen
2018-08-15 00:08:408 INFO  JavaScriptHelper:17 - JavaScriptHelper has been initialised
2018-08-15 00:08:07 INFO  JavaScriptHelper:17 - JavaScriptHelper has been initialised
2018-08-15 00:08:42 INFO  TestBase:185 - excel location D:\sel\uiFramework/src/main/resources/configfile/testData.xlsx
2018-08-15 00:08:809 INFO  TestBase:74 - **************loginTestStarted***************
2018-08-15 00:08:164 INFO  LoginPage:64 - clicked on sign in link...
2018-08-15 00:08:165 INFO  LoginPage:69 - entering email address....1529830551216@gmail.com
2018-08-15 00:08:393 INFO  LoginPage:75 - entering password....password
2018-08-15 00:08:523 INFO  LoginPage:81 - clicking on submit button...
2018-08-15 00:08:523 INFO  JavaScriptHelper:17 - JavaScriptHelper has been initialised
2018-08-15 00:08:523 INFO  JavaScriptHelper:55 - Scrolling Down Vertically
2018-08-15 00:08:408 INFO  WaitHelper:28 - WaitHelper Object created
2018-08-15 00:08:432 INFO  WaitHelper:101 - waiting for :[[ChromeDriver: chrome on XP (6f728a82b690fd98d97fc9d641375ef1)] -> xpath: //*[@id='block_top_menu']/ul/li[1]/a] for :200 seconds
2018-08-15 00:08:463 INFO  WaitHelper:104 - element is visible now
2018-08-15 00:08:464 INFO  TestBase:163 - Capturing navigation Screen
2018-08-15 00:08:465 INFO  JavaScriptHelper:17 - JavaScriptHelper has been initialised
2018-08-15 00:08:880 INFO  JavaScriptHelper:17 - JavaScriptHelper has been initialised
2018-08-15 00:08:963 INFO  VerificationHelper:22 - element is Displayed..Welcome to your account. Here you can manage all of your personal information and orders.
2018-08-15 00:08:268 INFO  LoginPage:114 - clicked on logout link
2018-08-15 00:08:287 INFO  WaitHelper:101 - waiting for :[[ChromeDriver: chrome on XP (6f728a82b690fd98d97fc9d641375ef1)] -> xpath: //a[@title='Log in to your customer account']] for :200 seconds
2018-08-15 00:08:313 INFO  WaitHelper:104 - element is visible now
2018-08-15 00:08:652 INFO  TestBase:93 - **************loginTestFinished***************
2018-08-15 00:08:878 INFO  TestBase:74 - **************loginTestStarted***************
2018-08-15 00:08:616 INFO  LoginPage:64 - clicked on sign in link...
2018-08-15 00:08:617 INFO  LoginPage:69 - entering email address....1529830551216@gmail.com
2018-08-15 00:08:788 INFO  LoginPage:75 - entering password....password
2018-08-15 00:08:887 INFO  LoginPage:81 - clicking on submit button...
2018-08-15 00:08:887 INFO  JavaScriptHelper:17 - JavaScriptHelper has been initialised
2018-08-15 00:08:888 INFO  JavaScriptHelper:55 - Scrolling Down Vertically
2018-08-15 00:08:869 INFO  WaitHelper:28 - WaitHelper Object created
2018-08-15 00:08:892 INFO  WaitHelper:101 - waiting for :[[ChromeDriver: chrome on XP (6f728a82b690fd98d97fc9d641375ef1)] -> xpath: //*[@id='block_top_menu']/ul/li[1]/a] for :200 seconds
2018-08-15 00:08:917 INFO  WaitHelper:104 - element is visible now
2018-08-15 00:08:918 INFO  TestBase:163 - Capturing navigation Screen
2018-08-15 00:08:918 INFO  JavaScriptHelper:17 - JavaScriptHelper has been initialised
2018-08-15 00:08:235 INFO  JavaScriptHelper:17 - JavaScriptHelper has been initialised
2018-08-15 00:08:314 INFO  VerificationHelper:22 - element is Displayed..Welcome to your account. Here you can manage all of your personal information and orders.
2018-08-15 00:08:617 INFO  LoginPage:114 - clicked on logout link
2018-08-15 00:08:633 INFO  WaitHelper:101 - waiting for :[[ChromeDriver: chrome on XP (6f728a82b690fd98d97fc9d641375ef1)] -> xpath: //a[@title='Log in to your customer account']] for :200 seconds
2018-08-15 00:08:661 INFO  WaitHelper:104 - element is visible now
2018-08-15 00:08:11 INFO  TestBase:93 - **************loginTestFinished***************
2018-08-15 00:08:70 INFO  TestBase:74 - **************loginTestStarted***************
2018-08-15 00:08:79 INFO  TestBase:93 - **************loginTestFinished***************
2018-08-20 21:08:64 ERROR DataBaseHelper:46 - Failed to create database connection
2018-08-20 21:08:67 INFO  DataBaseHelper:61 - Executing query: SELECT salary FROM person.employee where idemployee=2
